TN:
SF:/home/u/repos/consensys-dev-final/src/ethereum/contracts/ProofOfExistence.sol
FN:13,
FN:20,onlyOwner
FN:25,onlyWhenNotStopped
FN:42,timestamp
FN:59,getAllIds
FN:66,emergencyStop
FN:73,restoreFromEmergency
FNF:7
FNH:7
FNDA:10,
FNDA:6,onlyOwner
FNDA:34,onlyWhenNotStopped
FNDA:33,timestamp
FNDA:1,getAllIds
FNDA:3,emergencyStop
FNDA:1,restoreFromEmergency
DA:14,10
DA:21,6
DA:22,4
DA:26,34
DA:27,33
DA:43,33
DA:44,33
DA:45,32
DA:47,32
DA:48,32
DA:49,32
DA:50,32
DA:52,32
DA:60,1
DA:67,3
DA:74,1
LF:16
LH:16
BRDA:21,1,0,4
BRDA:21,1,1,2
BRDA:26,2,0,33
BRDA:26,2,1,1
BRDA:44,3,0,32
BRDA:44,3,1,1
BRF:6
BRH:6
end_of_record
