TN:
SF:/home/u/Repos/ConsenSysDevFinal/src/ethereum/contracts/ProofOfExistence.sol
FN:13,
FN:21,onlyOwner
FN:26,onlyWhenNotStopped
FN:43,timestamp
FN:60,getAllIds
FN:67,emergencyStop
FN:74,restoreFromEmergency
FNF:7
FNH:7
FNDA:9,
FNDA:6,onlyOwner
FNDA:29,onlyWhenNotStopped
FNDA:28,timestamp
FNDA:1,getAllIds
FNDA:3,emergencyStop
FNDA:1,restoreFromEmergency
DA:15,9
DA:22,6
DA:23,4
DA:27,29
DA:28,28
DA:44,28
DA:45,28
DA:46,28
DA:48,28
DA:49,28
DA:50,28
DA:51,28
DA:53,28
DA:61,1
DA:68,3
DA:75,1
LF:16
LH:16
BRDA:22,1,0,4
BRDA:22,1,1,2
BRDA:27,2,0,28
BRDA:27,2,1,1
BRDA:45,3,0,28
BRDA:45,3,1,0
BRF:6
BRH:5
end_of_record
