{"contracts/ProofOfExistence.sol":{"l":{"15":9,"22":6,"23":4,"27":29,"28":28,"44":28,"45":28,"46":28,"48":28,"49":28,"50":28,"51":28,"53":28,"61":1,"68":3,"75":1},"path":"/home/u/Repos/ConsenSysDevFinal/src/ethereum/contracts/ProofOfExistence.sol","s":{"1":9,"2":6,"3":29,"4":28,"5":28,"6":28,"7":28,"8":28,"9":28,"10":28,"11":1,"12":3,"13":1},"b":{"1":[4,2],"2":[28,1],"3":[28,0]},"f":{"1":9,"2":6,"3":29,"4":28,"5":1,"6":3,"7":1},"fnMap":{"1":{"name":null,"line":13,"loc":{"start":{"line":13,"column":4},"end":{"line":14,"column":5}}},"2":{"name":"onlyOwner","line":21,"loc":{"start":{"line":21,"column":4},"end":{"line":21,"column":20}}},"3":{"name":"onlyWhenNotStopped","line":26,"loc":{"start":{"line":26,"column":4},"end":{"line":26,"column":29}}},"4":{"name":"timestamp","line":43,"loc":{"start":{"line":43,"column":4},"end":{"line":43,"column":90}}},"5":{"name":"getAllIds","line":60,"loc":{"start":{"line":60,"column":4},"end":{"line":60,"column":66}}},"6":{"name":"emergencyStop","line":67,"loc":{"start":{"line":67,"column":4},"end":{"line":67,"column":43}}},"7":{"name":"restoreFromEmergency","line":74,"loc":{"start":{"line":74,"column":4},"end":{"line":74,"column":50}}}},"statementMap":{"1":{"start":{"line":15,"column":8},"end":{"line":15,"column":25}},"2":{"start":{"line":22,"column":8},"end":{"line":22,"column":66}},"3":{"start":{"line":27,"column":8},"end":{"line":27,"column":110}},"4":{"start":{"line":44,"column":8},"end":{"line":44,"column":54}},"5":{"start":{"line":45,"column":8},"end":{"line":45,"column":76}},"6":{"start":{"line":46,"column":8},"end":{"line":46,"column":53}},"7":{"start":{"line":48,"column":8},"end":{"line":48,"column":27}},"8":{"start":{"line":49,"column":8},"end":{"line":49,"column":46}},"9":{"start":{"line":50,"column":8},"end":{"line":50,"column":32}},"10":{"start":{"line":53,"column":8},"end":{"line":53,"column":17}},"11":{"start":{"line":61,"column":8},"end":{"line":61,"column":30}},"12":{"start":{"line":68,"column":8},"end":{"line":68,"column":21}},"13":{"start":{"line":75,"column":8},"end":{"line":75,"column":22}}},"branchMap":{"1":{"line":22,"type":"if","locations":[{"start":{"line":22,"column":8},"end":{"line":22,"column":8}},{"start":{"line":22,"column":8},"end":{"line":22,"column":8}}]},"2":{"line":27,"type":"if","locations":[{"start":{"line":27,"column":8},"end":{"line":27,"column":8}},{"start":{"line":27,"column":8},"end":{"line":27,"column":8}}]},"3":{"line":45,"type":"if","locations":[{"start":{"line":45,"column":8},"end":{"line":45,"column":8}},{"start":{"line":45,"column":8},"end":{"line":45,"column":8}}]}}}}