{"contracts/ProofOfExistence.sol":{"l":{"14":10,"21":6,"22":4,"26":34,"27":33,"43":33,"44":33,"45":32,"47":32,"48":32,"49":32,"50":32,"52":32,"60":1,"67":3,"74":1},"path":"/home/u/repos/consensys-dev-final/src/ethereum/contracts/ProofOfExistence.sol","s":{"1":10,"2":6,"3":34,"4":33,"5":33,"6":32,"7":32,"8":32,"9":32,"10":32,"11":1,"12":3,"13":1},"b":{"1":[4,2],"2":[33,1],"3":[32,1]},"f":{"1":10,"2":6,"3":34,"4":33,"5":1,"6":3,"7":1},"fnMap":{"1":{"name":null,"line":13,"loc":{"start":{"line":13,"column":4},"end":{"line":13,"column":22}}},"2":{"name":"onlyOwner","line":20,"loc":{"start":{"line":20,"column":4},"end":{"line":20,"column":20}}},"3":{"name":"onlyWhenNotStopped","line":25,"loc":{"start":{"line":25,"column":4},"end":{"line":25,"column":29}}},"4":{"name":"timestamp","line":42,"loc":{"start":{"line":42,"column":4},"end":{"line":42,"column":90}}},"5":{"name":"getAllIds","line":59,"loc":{"start":{"line":59,"column":4},"end":{"line":59,"column":66}}},"6":{"name":"emergencyStop","line":66,"loc":{"start":{"line":66,"column":4},"end":{"line":66,"column":43}}},"7":{"name":"restoreFromEmergency","line":73,"loc":{"start":{"line":73,"column":4},"end":{"line":73,"column":50}}}},"statementMap":{"1":{"start":{"line":14,"column":8},"end":{"line":14,"column":25}},"2":{"start":{"line":21,"column":8},"end":{"line":21,"column":66}},"3":{"start":{"line":26,"column":8},"end":{"line":26,"column":110}},"4":{"start":{"line":43,"column":8},"end":{"line":43,"column":54}},"5":{"start":{"line":44,"column":8},"end":{"line":44,"column":76}},"6":{"start":{"line":45,"column":8},"end":{"line":45,"column":53}},"7":{"start":{"line":47,"column":8},"end":{"line":47,"column":27}},"8":{"start":{"line":48,"column":8},"end":{"line":48,"column":46}},"9":{"start":{"line":49,"column":8},"end":{"line":49,"column":32}},"10":{"start":{"line":52,"column":8},"end":{"line":52,"column":17}},"11":{"start":{"line":60,"column":8},"end":{"line":60,"column":30}},"12":{"start":{"line":67,"column":8},"end":{"line":67,"column":21}},"13":{"start":{"line":74,"column":8},"end":{"line":74,"column":22}}},"branchMap":{"1":{"line":21,"type":"if","locations":[{"start":{"line":21,"column":8},"end":{"line":21,"column":8}},{"start":{"line":21,"column":8},"end":{"line":21,"column":8}}]},"2":{"line":26,"type":"if","locations":[{"start":{"line":26,"column":8},"end":{"line":26,"column":8}},{"start":{"line":26,"column":8},"end":{"line":26,"column":8}}]},"3":{"line":44,"type":"if","locations":[{"start":{"line":44,"column":8},"end":{"line":44,"column":8}},{"start":{"line":44,"column":8},"end":{"line":44,"column":8}}]}}}}